<?xml version="1.0" encoding="UTF-8"?>
<!-- Generated by org.testng.reporters.JUnitReportReporter -->
<testsuite hostname="GoodDay" failures="0" tests="1" name="Annotations.a" time="0.011" errors="0" timestamp="2022-08-18T12:26:14 IST" skipped="0">
  <testcase classname="Annotations.a" name="verifyID" time="0.011"/>
  <system-out>
    <![CDATA[verify username]]>
  </system-out>
</testsuite> <!-- Annotations.a -->
