<?xml version="1.0" encoding="UTF-8"?>
<!-- Generated by org.testng.reporters.JUnitReportReporter -->
<testsuite hostname="GoodDay" failures="0" tests="1" name="multi_broser.firefox" time="6.421" errors="0" timestamp="2022-08-19T15:47:48 IST" skipped="0">
  <testcase classname="multi_broser.firefox" name="TC2" time="6.421"/>
  <system-out/>
</testsuite> <!-- multi_broser.firefox -->
