<?xml version="1.0" encoding="UTF-8"?>
<!-- Generated by org.testng.reporters.JUnitReportReporter -->
<testsuite hostname="GoodDay" failures="0" tests="1" name="multi_broser.chrome" time="4.953" errors="0" timestamp="2022-08-19T15:46:17 IST" skipped="0">
  <testcase classname="multi_broser.chrome" name="TC1" time="4.953"/>
  <system-out/>
</testsuite> <!-- multi_broser.chrome -->
