<?xml version="1.0" encoding="UTF-8"?>
<!-- Generated by org.testng.reporters.JUnitReportReporter -->
<testsuite hostname="GoodDay" failures="0" tests="3" name="batch_case.case2" time="0.020" errors="0" timestamp="2022-08-18T20:58:14 IST" skipped="0">
  <testcase classname="batch_case.case2" name="TC6" time="0.005"/>
  <system-out>
    <![CDATA[hi]]>
  </system-out>
  <testcase classname="batch_case.case2" name="TC5" time="0.011"/>
  <system-out>
    <![CDATA[hi]]>
  </system-out>
  <testcase classname="batch_case.case2" name="TC4" time="0.004"/>
  <system-out>
    <![CDATA[hi]]>
  </system-out>
</testsuite> <!-- batch_case.case2 -->
