<?xml version="1.0" encoding="UTF-8"?>
<!-- Generated by org.testng.reporters.JUnitReportReporter -->
<testsuite hostname="GoodDay" failures="0" tests="1" name="parallel_testing.chrome1" time="10.874" errors="0" timestamp="2022-08-19T15:59:17 IST" skipped="0">
  <testcase classname="parallel_testing.chrome1" name="TC2" time="10.874"/>
  <system-out/>
</testsuite> <!-- parallel_testing.chrome1 -->
