<?xml version="1.0" encoding="UTF-8"?>
<!-- Generated by org.testng.reporters.JUnitReportReporter -->
<testsuite hostname="GoodDay" failures="0" tests="1" name="POM_DDF_with_Testng.KiteTest" time="2.105" errors="0" timestamp="2022-08-26T16:29:16 IST" skipped="0">
  <testcase classname="POM_DDF_with_Testng.KiteTest" name="verifyID" time="2.105"/>
  <system-out>
    <![CDATA[running verify user ID]]>
  </system-out>
</testsuite> <!-- POM_DDF_with_Testng.KiteTest -->
