<?xml version="1.0" encoding="UTF-8"?>
<!-- Generated by org.testng.reporters.JUnitReportReporter -->
<testsuite hostname="GoodDay" failures="0" tests="1" name="Flags.timeout" time="0.028" errors="0" timestamp="2022-08-18T17:59:10 IST" skipped="0">
  <testcase classname="Flags.timeout" name="TC" time="0.028"/>
  <system-out>
    <![CDATA[hi]]>
  </system-out>
</testsuite> <!-- Flags.timeout -->
