<?xml version="1.0" encoding="UTF-8"?>
<!-- Generated by org.testng.reporters.JUnitReportReporter -->
<testsuite hostname="GoodDay" failures="0" tests="1" name="assert_class_methods.false_condition" time="0.020" errors="0" timestamp="2022-08-20T16:53:21 IST" skipped="0">
  <testcase classname="assert_class_methods.false_condition" name="TC4" time="0.020"/>
  <system-out>
    <![CDATA[running TC4]]>
  </system-out>
</testsuite> <!-- assert_class_methods.false_condition -->
