<?xml version="1.0" encoding="UTF-8"?>
<!-- Generated by org.testng.reporters.JUnitReportReporter -->
<testsuite hostname="GoodDay" failures="0" tests="1" name="assert_class_methods.assert_equals" time="0.023" errors="0" timestamp="2022-08-20T16:43:50 IST" skipped="0">
  <testcase classname="assert_class_methods.assert_equals" name="TC1" time="0.023"/>
  <system-out>
    <![CDATA[Tc1 is running]]>
  </system-out>
</testsuite> <!-- assert_class_methods.assert_equals -->
