<?xml version="1.0" encoding="UTF-8"?>
<!-- Generated by org.testng.reporters.JUnitReportReporter -->
<testsuite hostname="GoodDay" failures="0" tests="1" name="assert_class_methods.true_condition" time="0.024" errors="0" timestamp="2022-08-20T16:50:02 IST" skipped="0">
  <testcase classname="assert_class_methods.true_condition" name="TC3" time="0.024"/>
  <system-out>
    <![CDATA[running TC3]]>
  </system-out>
</testsuite> <!-- assert_class_methods.true_condition -->
