<?xml version="1.0" encoding="UTF-8"?>
<!-- Generated by org.testng.reporters.JUnitReportReporter -->
<testsuite hostname="GoodDay" failures="0" tests="3" name="batch_case.case3" time="0.026" errors="0" timestamp="2022-08-18T20:58:14 IST" skipped="0">
  <testcase classname="batch_case.case3" name="TC9" time="0.003"/>
  <system-out>
    <![CDATA[hi]]>
  </system-out>
  <testcase classname="batch_case.case3" name="TC8" time="0.003"/>
  <system-out>
    <![CDATA[hi]]>
  </system-out>
  <testcase classname="batch_case.case3" name="TC7" time="0.020"/>
  <system-out>
    <![CDATA[hi]]>
  </system-out>
</testsuite> <!-- batch_case.case3 -->
