<?xml version="1.0" encoding="UTF-8"?>
<!-- Generated by org.testng.reporters.JUnitReportReporter -->
<testsuite hostname="GoodDay" failures="0" tests="3" name="batch_case.case1" time="0.019" errors="0" timestamp="2022-08-18T20:58:14 IST" skipped="0">
  <testcase classname="batch_case.case1" name="TC1" time="0.003"/>
  <system-out>
    <![CDATA[hi]]>
  </system-out>
  <testcase classname="batch_case.case1" name="TC2" time="0.012"/>
  <system-out>
    <![CDATA[hi]]>
  </system-out>
  <testcase classname="batch_case.case1" name="TC3" time="0.004"/>
  <system-out>
    <![CDATA[hi]]>
  </system-out>
</testsuite> <!-- batch_case.case1 -->
