<?xml version="1.0" encoding="UTF-8"?>
<!-- Generated by org.testng.reporters.JUnitReportReporter -->
<testsuite hostname="GoodDay" failures="0" tests="4" name="Flags.Priority" time="0.022" errors="0" timestamp="2022-08-18T17:53:42 IST" skipped="0">
  <testcase classname="Flags.Priority" name="TC3" time="0.015"/>
  <system-out>
    <![CDATA[fine]]>
  </system-out>
  <testcase classname="Flags.Priority" name="TC4" time="0.002"/>
  <system-out>
    <![CDATA[bye]]>
  </system-out>
  <testcase classname="Flags.Priority" name="TC1" time="0.003"/>
  <system-out>
    <![CDATA[how r u]]>
  </system-out>
  <testcase classname="Flags.Priority" name="TC2" time="0.002"/>
  <system-out>
    <![CDATA[hi]]>
  </system-out>
</testsuite> <!-- Flags.Priority -->
