<?xml version="1.0" encoding="UTF-8"?>
<!-- Generated by org.testng.reporters.JUnitReportReporter -->
<testsuite hostname="GoodDay" failures="0" tests="5" name="Flags.a" time="0.036" errors="0" timestamp="2022-08-18T14:51:35 IST" skipped="0">
  <testcase classname="Flags.a" name="TC" time="0.005"/>
  <system-out>
    <![CDATA[running to]]>
  </system-out>
  <testcase classname="Flags.a" name="TC" time="0.002"/>
  <system-out>
    <![CDATA[running to]]>
  </system-out>
  <testcase classname="Flags.a" name="TC" time="0.003"/>
  <system-out>
    <![CDATA[running to]]>
  </system-out>
  <testcase classname="Flags.a" name="TC" time="0.023"/>
  <system-out>
    <![CDATA[running to]]>
  </system-out>
  <testcase classname="Flags.a" name="TC" time="0.003"/>
  <system-out>
    <![CDATA[running to]]>
  </system-out>
</testsuite> <!-- Flags.a -->
