<?xml version="1.0" encoding="UTF-8"?>
<!-- Generated by org.testng.reporters.JUnitReportReporter -->
<testsuite hostname="GoodDay" failures="0" tests="1" name="testng_advantages.e2" time="0.019" errors="0" timestamp="2022-08-18T12:15:57 IST" skipped="0">
  <testcase classname="testng_advantages.e2" name="TC" time="0.019"/>
  <system-out>
    <![CDATA[Hello]]>
  </system-out>
</testsuite> <!-- testng_advantages.e2 -->
