<?xml version="1.0" encoding="UTF-8"?>
<!-- Generated by org.testng.reporters.JUnitReportReporter -->
<testsuite hostname="GoodDay" failures="0" tests="2" name="multi_broswer_testing.browsers" time="18.156" errors="0" timestamp="2022-08-19T16:30:34 IST" skipped="0">
  <testcase classname="multi_broswer_testing.browsers" name="TC" time="6.899"/>
  <system-out/>
  <testcase classname="multi_broswer_testing.browsers" name="TC" time="11.257"/>
  <system-out/>
</testsuite> <!-- multi_broswer_testing.browsers -->
