<?xml version="1.0" encoding="UTF-8"?>
<!-- Generated by org.testng.reporters.JUnitReportReporter -->
<testsuite hostname="GoodDay" failures="0" tests="4" name="Flags.enabled$Priority" time="0.026" errors="0" timestamp="2022-08-18T17:57:10 IST" skipped="1">
  <testcase classname="Flags.enabled$Priority" name="TC3" time="0.019"/>
  <system-out>
    <![CDATA[fine]]>
  </system-out>
  <testcase classname="Flags.enabled$Priority" name="TC1" time="0.003"/>
  <system-out>
    <![CDATA[how r u]]>
  </system-out>
  <testcase classname="Flags.enabled$Priority" name="TC2" time="0.004"/>
  <system-out>
    <![CDATA[hi]]>
  </system-out>
  <testcase classname="Flags.enabled$Priority" name="TC4">
    <skipped/>
  </testcase> <!-- TC4 -->
  <system-out/>
</testsuite> <!-- Flags.enabled$Priority -->
