<?xml version="1.0" encoding="UTF-8"?>
<!-- Generated by org.testng.reporters.JUnitReportReporter -->
<testsuite hostname="GoodDay" failures="0" tests="2" name="disable_tc_using_suite.a" time="0.018" errors="0" timestamp="2022-08-18T21:30:01 IST" skipped="0">
  <testcase classname="disable_tc_using_suite.a" name="TC2" time="0.002"/>
  <system-out>
    <![CDATA[hi]]>
  </system-out>
  <testcase classname="disable_tc_using_suite.a" name="TC1" time="0.016"/>
  <system-out>
    <![CDATA[hi]]>
  </system-out>
</testsuite> <!-- disable_tc_using_suite.a -->
